Starting project at /Users/newmastermind/UBGSF-App
Starting Metro Bundler
warning: Bundler cache is empty, rebuilding (this may take a minute)
Waiting on http://localhost:8081
Logs for your project will appear below.
iOS Bundled 19556ms (node_modules/expo/AppEntry.js)
Unable to resolve "../screens/ContactScreen" from "app/navigation/index.tsx"
 ERROR  [Error: undefined Unable to resolve module ../screens/ContactScreen from /Users/newmastermind/UBGSF-App/app/navigation/index.tsx: 

None of these files exist:
  * app/screens/ContactScreen(.ios.ts|.native.ts|.ts|.ios.tsx|.native.tsx|.tsx|.ios.mjs|.native.mjs|.mjs|.ios.js|.native.js|.js|.ios.jsx|.native.jsx|.jsx|.ios.json|.native.json|.json|.ios.cjs|.native.cjs|.cjs|.ios.scss|.native.scss|.scss|.ios.sass|.native.sass|.sass|.ios.css|.native.css|.css)
  * app/screens/ContactScreen
[0m [90m 25 |[39m [36mimport[39m { [33mRegistrationScreen[39m } [36mfrom[39m [32m'../screens/RegistrationScreen'[39m[33m;[39m
 [90m 26 |[39m [36mimport[39m { [33mPaymentScreen[39m } [36mfrom[39m [32m'../screens/PaymentScreen'[39m[33m;[39m
[31m[1m>[22m[39m[90m 27 |[39m [36mimport[39m { [33mContactScreen[39m } [36mfrom[39m [32m'../screens/ContactScreen'[39m[33m;[39m
 [90m    |[39m                                [31m[1m^[22m[39m
 [90m 28 |[39m
 [90m 29 |[39m [90m// Auth Stack Param List[39m
 [90m 30 |[39m [36mexport[39m type [33mAuthStackParamList[39m [33m=[39m {[0m]
Unable to resolve "../screens/StatsScreen" from "app/navigation/index.tsx"
 ERROR  [Error: undefined Unable to resolve module ../screens/StatsScreen from /Users/newmastermind/UBGSF-App/app/navigation/index.tsx: 

None of these files exist:
  * app/screens/StatsScreen(.ios.ts|.native.ts|.ts|.ios.tsx|.native.tsx|.tsx|.ios.mjs|.native.mjs|.mjs|.ios.js|.native.js|.js|.ios.jsx|.native.jsx|.jsx|.ios.json|.native.json|.json|.ios.cjs|.native.cjs|.cjs|.ios.scss|.native.scss|.scss|.ios.sass|.native.sass|.sass|.ios.css|.native.css|.css)
  * app/screens/StatsScreen
[0m [90m 26 |[39m [36mimport[39m { [33mPaymentScreen[39m } [36mfrom[39m [32m'../screens/PaymentScreen'[39m[33m;[39m
 [90m 27 |[39m [36mimport[39m { [33mContactScreen[39m } [36mfrom[39m [32m'../screens/ContactScreen'[39m[33m;[39m
[31m[1m>[22m[39m[90m 28 |[39m [36mimport[39m { [33mStatsScreen[39m } [36mfrom[39m [32m'../screens/StatsScreen'[39m[33m;[39m
 [90m    |[39m                              [31m[1m^[22m[39m
 [90m 29 |[39m
 [90m 30 |[39m [90m// Auth Stack Param List[39m
 [90m 31 |[39m [36mexport[39m type [33mAuthStackParamList[39m [33m=[39m {[0m]
 ERROR  Error: Couldn't find a 'component', 'getComponent' or 'children' prop for the screen 'Stats'. This can happen if you passed 'undefined'. You likely forgot to export your component from the file it's defined in, or mixed up default import and named import when importing.

This error is located at:
    in StackNavigator (at navigation/index.tsx:84)
    in HomeStackNavigator (at SceneView.tsx:132)
    in StaticContainer
    in EnsureSingleNavigator (at SceneView.tsx:124)
    in SceneView (at useDescriptors.tsx:218)
    in RCTView (at View.js:116)
    in View (at Screen.tsx:63)
    in RCTView (at View.js:116)
    in View (at Background.tsx:13)
    in Background (at Screen.tsx:58)
    in Screen (at BottomTabView.tsx:135)
    in RNSScreen (at createAnimatedComponent.js:54)
    in Unknown (at src/index.native.tsx:314)
    in Suspender (at src/index.tsx:27)
    in Suspense (at src/index.tsx:26)
    in Freeze (at src/index.native.tsx:206)
    in DelayedFreeze (at src/index.native.tsx:313)
    in InnerScreen (at src/index.native.tsx:566)
    in Screen (at ScreenFallback.tsx:39)
    in MaybeScreen (at BottomTabView.tsx:127)
    in RNSScreenNavigationContainer (at src/index.native.tsx:398)
    in ScreenContainer (at ScreenFallback.tsx:30)
    in MaybeScreenContainer (at BottomTabView.tsx:93)
    in RCTView (at View.js:116)
    in View (at SafeAreaProviderCompat.tsx:43)
    in SafeAreaProviderCompat (at BottomTabView.tsx:92)
    in BottomTabView (at createBottomTabNavigator.tsx:118)
    in PreventRemoveProvider (at useNavigationBuilder.tsx:718)
    in NavigationContent (at useComponent.tsx:35)
    in Unknown (at createBottomTabNavigator.tsx:117)
    in BottomTabNavigator (at navigation/index.tsx:99)
    in MainTabNavigator (at SceneView.tsx:132)
    in StaticContainer
    in EnsureSingleNavigator (at SceneView.tsx:124)
    in SceneView (at useDescriptors.tsx:218)
    in RCTView (at View.js:116)
    in View (at CardContainer.tsx:281)
    in RCTView (at View.js:116)
    in View (at CardContainer.tsx:279)
    in RCTView (at View.js:116)
    in View (at CardSheet.tsx:45)
    in CardSheet (at Card.tsx:563)
    in RCTView (at View.js:116)
    in View (at createAnimatedComponent.js:54)
    in Unknown (at Card.tsx:542)
    in PanGestureHandler (at GestureHandlerNative.tsx:14)
    in PanGestureHandler (at Card.tsx:536)
    in RCTView (at View.js:116)
    in View (at createAnimatedComponent.js:54)
    in Unknown (at Card.tsx:532)
    in RCTView (at View.js:116)
    in View (at Card.tsx:520)
    in Card (at CardContainer.tsx:219)
    in CardContainer (at CardStack.tsx:673)
    in RNSScreen (at createAnimatedComponent.js:54)
    in Unknown (at src/index.native.tsx:314)
    in Suspender (at src/index.tsx:27)
    in Suspense (at src/index.tsx:26)
    in Freeze (at src/index.native.tsx:206)
    in DelayedFreeze (at src/index.native.tsx:313)
    in InnerScreen (at src/index.native.tsx:566)
    in Screen (at Screens.tsx:38)
    in MaybeScreen (at CardStack.tsx:665)
    in RNSScreenContainer (at src/index.native.tsx:400)
    in ScreenContainer (at Screens.tsx:20)
    in MaybeScreenContainer (at CardStack.tsx:572)
    in RCTView (at View.js:116)
    in View (at Background.tsx:13)
    in Background (at CardStack.tsx:570)
    in CardStack (at StackView.tsx:437)
    in RCTView (at View.js:116)
    in View (at SafeAreaProviderCompat.tsx:43)
    in SafeAreaProviderCompat (at StackView.tsx:430)
    in RCTView (at View.js:116)
    in View (at GestureHandlerRootView.tsx:20)
    in GestureHandlerRootView (at StackView.tsx:429)
    in StackView (at createStackNavigator.tsx:121)
    in PreventRemoveProvider (at useNavigationBuilder.tsx:718)
    in NavigationContent (at useComponent.tsx:35)
    in Unknown (at createStackNavigator.tsx:120)
    in StackNavigator (at navigation/index.tsx:182)
    in EnsureSingleNavigator (at BaseNavigationContainer.tsx:433)
    in BaseNavigationContainer (at NavigationContainer.tsx:132)
    in ThemeProvider (at NavigationContainer.tsx:131)
    in NavigationContainerInner (at navigation/index.tsx:180)
    in RNCSafeAreaProvider (at SafeAreaContext.tsx:92)
    in SafeAreaProvider (at navigation/index.tsx:179)
    in Navigation (at App.tsx:5)
    in App (at withDevTools.ios.js:25)
    in withDevTools(App) (at renderApplication.js:57)
    in RCTView (at View.js:116)
    in View (at AppContainer.js:127)
    in RCTView (at View.js:116)
    in View (at AppContainer.js:155)
    in AppContainer (at renderApplication.js:50)
    in main(RootComponent) (at renderApplication.js:67), js engine: hermes
 ERROR  Error: Couldn't find a 'component', 'getComponent' or 'children' prop for the screen 'Stats'. This can happen if you passed 'undefined'. You likely forgot to export your component from the file it's defined in, or mixed up default import and named import when importing.

This error is located at:
    in StackNavigator (at navigation/index.tsx:84)
    in HomeStackNavigator (at SceneView.tsx:132)
    in StaticContainer
    in EnsureSingleNavigator (at SceneView.tsx:124)
    in SceneView (at useDescriptors.tsx:218)
    in RCTView (at View.js:116)
    in View (at Screen.tsx:63)
    in RCTView (at View.js:116)
    in View (at Background.tsx:13)
    in Background (at Screen.tsx:58)
    in Screen (at BottomTabView.tsx:135)
    in RNSScreen (at createAnimatedComponent.js:54)
    in Unknown (at src/index.native.tsx:314)
    in Suspender (at src/index.tsx:27)
    in Suspense (at src/index.tsx:26)
    in Freeze (at src/index.native.tsx:206)
    in DelayedFreeze (at src/index.native.tsx:313)
    in InnerScreen (at src/index.native.tsx:566)
    in Screen (at ScreenFallback.tsx:39)
    in MaybeScreen (at BottomTabView.tsx:127)
    in RNSScreenNavigationContainer (at src/index.native.tsx:398)
    in ScreenContainer (at ScreenFallback.tsx:30)
    in MaybeScreenContainer (at BottomTabView.tsx:93)
    in RCTView (at View.js:116)
    in View (at SafeAreaProviderCompat.tsx:43)
    in SafeAreaProviderCompat (at BottomTabView.tsx:92)
    in BottomTabView (at createBottomTabNavigator.tsx:118)
    in PreventRemoveProvider (at useNavigationBuilder.tsx:718)
    in NavigationContent (at useComponent.tsx:35)
    in Unknown (at createBottomTabNavigator.tsx:117)
    in BottomTabNavigator (at navigation/index.tsx:99)
    in MainTabNavigator (at SceneView.tsx:132)
    in StaticContainer
    in EnsureSingleNavigator (at SceneView.tsx:124)
    in SceneView (at useDescriptors.tsx:218)
    in RCTView (at View.js:116)
    in View (at CardContainer.tsx:281)
    in RCTView (at View.js:116)
    in View (at CardContainer.tsx:279)
    in RCTView (at View.js:116)
    in View (at CardSheet.tsx:45)
    in CardSheet (at Card.tsx:563)
    in RCTView (at View.js:116)
    in View (at createAnimatedComponent.js:54)
    in Unknown (at Card.tsx:542)
    in PanGestureHandler (at GestureHandlerNative.tsx:14)
    in PanGestureHandler (at Card.tsx:536)
    in RCTView (at View.js:116)
    in View (at createAnimatedComponent.js:54)
    in Unknown (at Card.tsx:532)
    in RCTView (at View.js:116)
    in View (at Card.tsx:520)
    in Card (at CardContainer.tsx:219)
    in CardContainer (at CardStack.tsx:673)
    in RNSScreen (at createAnimatedComponent.js:54)
    in Unknown (at src/index.native.tsx:314)
    in Suspender (at src/index.tsx:27)
    in Suspense (at src/index.tsx:26)
    in Freeze (at src/index.native.tsx:206)
    in DelayedFreeze (at src/index.native.tsx:313)
    in InnerScreen (at src/index.native.tsx:566)
    in Screen (at Screens.tsx:38)
    in MaybeScreen (at CardStack.tsx:665)
    in RNSScreenContainer (at src/index.native.tsx:400)
    in ScreenContainer (at Screens.tsx:20)
    in MaybeScreenContainer (at CardStack.tsx:572)
    in RCTView (at View.js:116)
    in View (at Background.tsx:13)
    in Background (at CardStack.tsx:570)
    in CardStack (at StackView.tsx:437)
    in RCTView (at View.js:116)
    in View (at SafeAreaProviderCompat.tsx:43)
    in SafeAreaProviderCompat (at StackView.tsx:430)
    in RCTView (at View.js:116)
    in View (at GestureHandlerRootView.tsx:20)
    in GestureHandlerRootView (at StackView.tsx:429)
    in StackView (at createStackNavigator.tsx:121)
    in PreventRemoveProvider (at useNavigationBuilder.tsx:718)
    in NavigationContent (at useComponent.tsx:35)
    in Unknown (at createStackNavigator.tsx:120)
    in StackNavigator (at navigation/index.tsx:182)
    in EnsureSingleNavigator (at BaseNavigationContainer.tsx:433)
    in BaseNavigationContainer (at NavigationContainer.tsx:132)
    in ThemeProvider (at NavigationContainer.tsx:131)
    in NavigationContainerInner (at navigation/index.tsx:180)
    in RNCSafeAreaProvider (at SafeAreaContext.tsx:92)
    in SafeAreaProvider (at navigation/index.tsx:179)
    in Navigation (at App.tsx:5)
    in App (at withDevTools.ios.js:25)
    in withDevTools(App) (at renderApplication.js:57)
    in RCTView (at View.js:116)
    in View (at AppContainer.js:127)
    in RCTView (at View.js:116)
    in View (at AppContainer.js:155)
    in AppContainer (at renderApplication.js:50)
    in main(RootComponent) (at renderApplication.js:67), js engine: hermes
Unable to resolve "../screens/BracketsScreen" from "app/navigation/index.tsx"
 ERROR  [Error: undefined Unable to resolve module ../screens/BracketsScreen from /Users/newmastermind/UBGSF-App/app/navigation/index.tsx: 

None of these files exist:
  * app/screens/BracketsScreen(.ios.ts|.native.ts|.ts|.ios.tsx|.native.tsx|.tsx|.ios.mjs|.native.mjs|.mjs|.ios.js|.native.js|.js|.ios.jsx|.native.jsx|.jsx|.ios.json|.native.json|.json|.ios.cjs|.native.cjs|.cjs|.ios.scss|.native.scss|.scss|.ios.sass|.native.sass|.sass|.ios.css|.native.css|.css)
  * app/screens/BracketsScreen
[0m [90m 27 |[39m [36mimport[39m { [33mContactScreen[39m } [36mfrom[39m [32m'../screens/ContactScreen'[39m[33m;[39m
 [90m 28 |[39m [36mimport[39m { [33mStatsScreen[39m } [36mfrom[39m [32m'../screens/StatsScreen'[39m[33m;[39m
[31m[1m>[22m[39m[90m 29 |[39m [36mimport[39m { [33mBracketsScreen[39m } [36mfrom[39m [32m'../screens/BracketsScreen'[39m[33m;[39m
 [90m    |[39m                                 [31m[1m^[22m[39m
 [90m 30 |[39m
 [90m 31 |[39m [90m// Auth Stack Param List[39m
 [90m 32 |[39m [36mexport[39m type [33mAuthStackParamList[39m [33m=[39m {[0m]
error: SyntaxError: /Users/newmastermind/UBGSF-App/app/screens/MatchesScreen.tsx: Unterminated string constant. (50:75)

  48 |               <View style={styles.detailInner}>
  49 |                 <Pressable style={styles.contactBtn}><Text style={styles.contactText}>Contact</Text></Pressable>
> 50 |                 <Text style={styles.detailText}>Round: 3{"\n"}Format: 7 pt{"
     |                                                                            ^
  51 | "}Deadline: 08/25/25</Text>
  52 |               </View>
  53 |             </View>
 ERROR  [Error: TransformError SyntaxError: /Users/newmastermind/UBGSF-App/app/screens/MatchesScreen.tsx: Unterminated string constant. (50:75)

[0m [90m 48 |[39m               [33m<[39m[33mView[39m style[33m=[39m{styles[33m.[39mdetailInner}[33m>[39m
 [90m 49 |[39m                 [33m<[39m[33mPressable[39m style[33m=[39m{styles[33m.[39mcontactBtn}[33m>[39m[33m<[39m[33mText[39m style[33m=[39m{styles[33m.[39mcontactText}[33m>[39m[33mContact[39m[33m<[39m[33m/[39m[33mText[39m[33m>[39m[33m<[39m[33m/[39m[33mPressable[39m[33m>[39m
[31m[1m>[22m[39m[90m 50 |[39m                 [33m<[39m[33mText[39m style[33m=[39m{styles[33m.[39mdetailText}[33m>[39m[33mRound[39m[33m:[39m [35m3[39m{[32m"\n"[39m}[33mFormat[39m[33m:[39m [35m7[39m pt{[32m"[39m
 [90m    |[39m                                                                            [31m[1m^[22m[39m
 [90m 51 |[39m [32m"}Deadline: 08/25/25</Text>[39m
 [90m 52 |[39m               [33m<[39m[33m/[39m[33mView[39m[33m>[39m
 [90m 53 |[39m             [33m<[39m[33m/[39m[33mView[39m[33m>[39m[0m]
error: SyntaxError: /Users/newmastermind/UBGSF-App/app/screens/MatchesScreen.tsx: Unterminated string constant. (50:75)

  48 |               <View style={styles.detailInner}>
  49 |                 <Pressable style={styles.contactBtn}><Text style={styles.contactText}>Contact</Text></Pressable>
> 50 |                 <Text style={styles.detailText}>Round: 3{"\n"}Format: 7 pt{"
     |                                                                            ^
  51 | "}Deadline: 08/25/25</Text>
  52 |               </View>
  53 |             </View>
 ERROR  [Error: TransformError SyntaxError: /Users/newmastermind/UBGSF-App/app/screens/MatchesScreen.tsx: Unterminated string constant. (50:75)

[0m [90m 48 |[39m               [33m<[39m[33mView[39m style[33m=[39m{styles[33m.[39mdetailInner}[33m>[39m
 [90m 49 |[39m                 [33m<[39m[33mPressable[39m style[33m=[39m{styles[33m.[39mcontactBtn}[33m>[39m[33m<[39m[33mText[39m style[33m=[39m{styles[33m.[39mcontactText}[33m>[39m[33mContact[39m[33m<[39m[33m/[39m[33mText[39m[33m>[39m[33m<[39m[33m/[39m[33mPressable[39m[33m>[39m
[31m[1m>[22m[39m[90m 50 |[39m                 [33m<[39m[33mText[39m style[33m=[39m{styles[33m.[39mdetailText}[33m>[39m[33mRound[39m[33m:[39m [35m3[39m{[32m"\n"[39m}[33mFormat[39m[33m:[39m [35m7[39m pt{[32m"[39m
 [90m    |[39m                                                                            [31m[1m^[22m[39m
 [90m 51 |[39m [32m"}Deadline: 08/25/25</Text>[39m
 [90m 52 |[39m               [33m<[39m[33m/[39m[33mView[39m[33m>[39m
 [90m 53 |[39m             [33m<[39m[33m/[39m[33mView[39m[33m>[39m[0m]
