0 verbose cli /Users/newmastermind/.nvm/versions/node/v22.18.0/bin/node /Users/newmastermind/.nvm/versions/node/v22.18.0/bin/npm
1 info using npm@10.9.3
2 info using node@v22.18.0
3 silly config load:file:/Users/newmastermind/.nvm/versions/node/v22.18.0/lib/node_modules/npm/npmrc
4 silly config load:file:/Users/newmastermind/UBGSF-App/.npmrc
5 silly config load:file:/Users/newmastermind/.npmrc
6 silly config load:file:/Users/newmastermind/.nvm/versions/node/v22.18.0/etc/npmrc
7 verbose title npm install
8 verbose argv "install"
9 verbose logfile logs-max:10 dir:/Users/newmastermind/UBGSF-App/.npm-cache/_logs/2025-11-01T20_26_08_318Z-
10 verbose logfile /Users/newmastermind/UBGSF-App/.npm-cache/_logs/2025-11-01T20_26_08_318Z-debug-0.log
11 silly logfile start cleaning logs, removing 1 files
12 silly packumentCache heap:2197815296 maxSize:549453824 maxEntrySize:274726912
13 silly logfile done cleaning log files
14 silly idealTree buildDeps
15 silly fetch manifest @types/react@~18.2.79
16 silly packumentCache full:https://registry.npmjs.org/@types%2freact cache-miss
17 http cache https://registry.npmjs.org/@types%2freact 238ms (cache hit)
18 silly packumentCache full:https://registry.npmjs.org/@types%2freact set size:2504314 disposed:false
19 silly fetch manifest typescript@~5.3.3
20 silly packumentCache full:https://registry.npmjs.org/typescript cache-miss
21 http fetch GET 200 https://registry.npmjs.org/typescript 1423ms (cache revalidated)
22 silly packumentCache full:https://registry.npmjs.org/typescript set size:14847644 disposed:false
23 silly placeDep ROOT @types/react@18.2.79 REPLACE for: ubgsf-app@1.0.0 want: ~18.2.79
24 silly placeDep ROOT typescript@5.3.3 REPLACE for: ubgsf-app@1.0.0 want: ~5.3.3
25 silly reify mark retired [ '/Users/newmastermind/UBGSF-App/node_modules/@types/react' ]
26 silly reify mark retired [
26 silly reify   '/Users/newmastermind/UBGSF-App/node_modules/typescript',
26 silly reify   '/Users/newmastermind/UBGSF-App/node_modules/.bin/tsc',
26 silly reify   '/Users/newmastermind/UBGSF-App/node_modules/.bin/tsserver'
26 silly reify ]
27 silly reify moves {
27 silly reify   '/Users/newmastermind/UBGSF-App/node_modules/@types/react': '/Users/newmastermind/UBGSF-App/node_modules/@types/.react-eVMlUVFM',
27 silly reify   '/Users/newmastermind/UBGSF-App/node_modules/typescript': '/Users/newmastermind/UBGSF-App/node_modules/.typescript-pYVZOvJb',
27 silly reify   '/Users/newmastermind/UBGSF-App/node_modules/.bin/tsc': '/Users/newmastermind/UBGSF-App/node_modules/.bin/.tsc-ldAxFfCS',
27 silly reify   '/Users/newmastermind/UBGSF-App/node_modules/.bin/tsserver': '/Users/newmastermind/UBGSF-App/node_modules/.bin/.tsserver-alBsWe5i'
27 silly reify }
28 silly audit bulk request {
28 silly audit   '@babel/code-frame': [ '7.27.1', '7.10.4' ],
28 silly audit   '@babel/compat-data': [ '7.28.5' ],
28 silly audit   '@babel/core': [ '7.28.5' ],
28 silly audit   '@babel/generator': [ '7.28.5', '7.2.0' ],
28 silly audit   '@babel/helper-annotate-as-pure': [ '7.27.3' ],
28 silly audit   '@babel/helper-compilation-targets': [ '7.27.2' ],
28 silly audit   '@babel/helper-create-class-features-plugin': [ '7.28.5' ],
28 silly audit   '@babel/helper-create-regexp-features-plugin': [ '7.28.5' ],
28 silly audit   '@babel/helper-define-polyfill-provider': [ '0.6.5' ],
28 silly audit   '@babel/helper-environment-visitor': [ '7.24.7' ],
28 silly audit   '@babel/helper-globals': [ '7.28.0' ],
28 silly audit   '@babel/helper-member-expression-to-functions': [ '7.28.5' ],
28 silly audit   '@babel/helper-module-imports': [ '7.27.1' ],
28 silly audit   '@babel/helper-module-transforms': [ '7.28.3' ],
28 silly audit   '@babel/helper-optimise-call-expression': [ '7.27.1' ],
28 silly audit   '@babel/helper-plugin-utils': [ '7.27.1' ],
28 silly audit   '@babel/helper-remap-async-to-generator': [ '7.27.1' ],
28 silly audit   '@babel/helper-replace-supers': [ '7.27.1' ],
28 silly audit   '@babel/helper-skip-transparent-expression-wrappers': [ '7.27.1' ],
28 silly audit   '@babel/helper-string-parser': [ '7.27.1' ],
28 silly audit   '@babel/helper-validator-identifier': [ '7.28.5' ],
28 silly audit   '@babel/helper-validator-option': [ '7.27.1' ],
28 silly audit   '@babel/helper-wrap-function': [ '7.28.3' ],
28 silly audit   '@babel/helpers': [ '7.28.4' ],
28 silly audit   '@babel/highlight': [ '7.25.9' ],
28 silly audit   'ansi-styles': [ '3.2.1', '6.2.3', '4.3.0', '5.2.0' ],
28 silly audit   chalk: [ '2.4.2', '4.1.2' ],
28 silly audit   'color-convert': [ '1.9.3', '2.0.1' ],
28 silly audit   'color-name': [ '1.1.3', '1.1.4' ],
28 silly audit   'escape-string-regexp': [ '1.0.5', '4.0.0', '2.0.0' ],
28 silly audit   'has-flag': [ '3.0.0', '4.0.0' ],
28 silly audit   'supports-color': [ '5.5.0', '8.1.1', '7.2.0' ],
28 silly audit   '@babel/parser': [ '7.28.5' ],
28 silly audit   '@babel/plugin-bugfix-firefox-class-in-computed-class-key': [ '7.28.5' ],
28 silly audit   '@babel/plugin-bugfix-safari-class-field-initializer-scope': [ '7.27.1' ],
28 silly audit   '@babel/plugin-bugfix-safari-id-destructuring-collision-in-function-expression': [ '7.27.1' ],
28 silly audit   '@babel/plugin-bugfix-v8-spread-parameters-in-optional-chaining': [ '7.27.1' ],
28 silly audit   '@babel/plugin-bugfix-v8-static-class-fields-redefine-readonly': [ '7.28.3' ],
28 silly audit   '@babel/plugin-proposal-async-generator-functions': [ '7.20.7' ],
28 silly audit   '@babel/plugin-proposal-class-properties': [ '7.18.6' ],
28 silly audit   '@babel/plugin-proposal-decorators': [ '7.28.0' ],
28 silly audit   '@babel/plugin-proposal-export-default-from': [ '7.27.1' ],
28 silly audit   '@babel/plugin-proposal-logical-assignment-operators': [ '7.20.7' ],
28 silly audit   '@babel/plugin-proposal-nullish-coalescing-operator': [ '7.18.6' ],
28 silly audit   '@babel/plugin-proposal-numeric-separator': [ '7.18.6' ],
28 silly audit   '@babel/plugin-proposal-object-rest-spread': [ '7.20.7' ],
28 silly audit   '@babel/plugin-proposal-optional-catch-binding': [ '7.18.6' ],
28 silly audit   '@babel/plugin-proposal-optional-chaining': [ '7.21.0' ],
28 silly audit   '@babel/plugin-proposal-private-property-in-object': [ '7.21.0-placeholder-for-preset-env.2' ],
28 silly audit   '@babel/plugin-syntax-async-generators': [ '7.8.4' ],
28 silly audit   '@babel/plugin-syntax-decorators': [ '7.27.1' ],
28 silly audit   '@babel/plugin-syntax-dynamic-import': [ '7.8.3' ],
28 silly audit   '@babel/plugin-syntax-export-default-from': [ '7.27.1' ],
28 silly audit   '@babel/plugin-syntax-flow': [ '7.27.1' ],
28 silly audit   '@babel/plugin-syntax-import-assertions': [ '7.27.1' ],
28 silly audit   '@babel/plugin-syntax-import-attributes': [ '7.27.1' ],
28 silly audit   '@babel/plugin-syntax-jsx': [ '7.27.1' ],
28 silly audit   '@babel/plugin-syntax-logical-assignment-operators': [ '7.10.4' ],
28 silly audit   '@babel/plugin-syntax-nullish-coalescing-operator': [ '7.8.3' ],
28 silly audit   '@babel/plugin-syntax-numeric-separator': [ '7.10.4' ],
28 silly audit   '@babel/plugin-syntax-object-rest-spread': [ '7.8.3' ],
28 silly audit   '@babel/plugin-syntax-optional-catch-binding': [ '7.8.3' ],
28 silly audit   '@babel/plugin-syntax-optional-chaining': [ '7.8.3' ],
28 silly audit   '@babel/plugin-syntax-typescript': [ '7.27.1' ],
28 silly audit   '@babel/plugin-syntax-unicode-sets-regex': [ '7.18.6' ],
28 silly audit   '@babel/plugin-transform-arrow-functions': [ '7.27.1' ],
28 silly audit   '@babel/plugin-transform-async-generator-functions': [ '7.28.0' ],
28 silly audit   '@babel/plugin-transform-async-to-generator': [ '7.27.1' ],
28 silly audit   '@babel/plugin-transform-block-scoped-functions': [ '7.27.1' ],
28 silly audit   '@babel/plugin-transform-block-scoping': [ '7.28.5' ],
28 silly audit   '@babel/plugin-transform-class-properties': [ '7.27.1' ],
28 silly audit   '@babel/plugin-transform-class-static-block': [ '7.28.3' ],
28 silly audit   '@babel/plugin-transform-classes': [ '7.28.4' ],
28 silly audit   '@babel/plugin-transform-computed-properties': [ '7.27.1' ],
28 silly audit   '@babel/plugin-transform-destructuring': [ '7.28.5' ],
28 silly audit   '@babel/plugin-transform-dotall-regex': [ '7.27.1' ],
28 silly audit   '@babel/plugin-transform-duplicate-keys': [ '7.27.1' ],
28 silly audit   '@babel/plugin-transform-duplicate-named-capturing-groups-regex': [ '7.27.1' ],
28 silly audit   '@babel/plugin-transform-dynamic-import': [ '7.27.1' ],
28 silly audit   '@babel/plugin-transform-explicit-resource-management': [ '7.28.0' ],
28 silly audit   '@babel/plugin-transform-exponentiation-operator': [ '7.28.5' ],
28 silly audit   '@babel/plugin-transform-export-namespace-from': [ '7.27.1' ],
28 silly audit   '@babel/plugin-transform-flow-strip-types': [ '7.27.1' ],
28 silly audit   '@babel/plugin-transform-for-of': [ '7.27.1' ],
28 silly audit   '@babel/plugin-transform-function-name': [ '7.27.1' ],
28 silly audit   '@babel/plugin-transform-json-strings': [ '7.27.1' ],
28 silly audit   '@babel/plugin-transform-literals': [ '7.27.1' ],
28 silly audit   '@babel/plugin-transform-logical-assignment-operators': [ '7.28.5' ],
28 silly audit   '@babel/plugin-transform-member-expression-literals': [ '7.27.1' ],
28 silly audit   '@babel/plugin-transform-modules-amd': [ '7.27.1' ],
28 silly audit   '@babel/plugin-transform-modules-commonjs': [ '7.27.1' ],
28 silly audit   '@babel/plugin-transform-modules-systemjs': [ '7.28.5' ],
28 silly audit   '@babel/plugin-transform-modules-umd': [ '7.27.1' ],
28 silly audit   '@babel/plugin-transform-named-capturing-groups-regex': [ '7.27.1' ],
28 silly audit   '@babel/plugin-transform-new-target': [ '7.27.1' ],
28 silly audit   '@babel/plugin-transform-nullish-coalescing-operator': [ '7.27.1' ],
28 silly audit   '@babel/plugin-transform-numeric-separator': [ '7.27.1' ],
28 silly audit   '@babel/plugin-transform-object-rest-spread': [ '7.28.4' ],
28 silly audit   '@babel/plugin-transform-object-super': [ '7.27.1' ],
28 silly audit   '@babel/plugin-transform-optional-catch-binding': [ '7.27.1' ],
28 silly audit   '@babel/plugin-transform-optional-chaining': [ '7.28.5' ],
28 silly audit   '@babel/plugin-transform-parameters': [ '7.27.7' ],
28 silly audit   '@babel/plugin-transform-private-methods': [ '7.27.1' ],
28 silly audit   '@babel/plugin-transform-private-property-in-object': [ '7.27.1' ],
28 silly audit   '@babel/plugin-transform-property-literals': [ '7.27.1' ],
28 silly audit   '@babel/plugin-transform-react-display-name': [ '7.28.0' ],
28 silly audit   '@babel/plugin-transform-react-jsx': [ '7.27.1' ],
28 silly audit   '@babel/plugin-transform-react-jsx-development': [ '7.27.1' ],
28 silly audit   '@babel/plugin-transform-react-jsx-self': [ '7.27.1' ],
28 silly audit   '@babel/plugin-transform-react-jsx-source': [ '7.27.1' ],
28 silly audit   '@babel/plugin-transform-react-pure-annotations': [ '7.27.1' ],
28 silly audit   '@babel/plugin-transform-regenerator': [ '7.28.4' ],
28 silly audit   '@babel/plugin-transform-regexp-modifiers': [ '7.27.1' ],
28 silly audit   '@babel/plugin-transform-reserved-words': [ '7.27.1' ],
28 silly audit   '@babel/plugin-transform-runtime': [ '7.28.5' ],
28 silly audit   '@babel/plugin-transform-shorthand-properties': [ '7.27.1' ],
28 silly audit   '@babel/plugin-transform-spread': [ '7.27.1' ],
28 silly audit   '@babel/plugin-transform-sticky-regex': [ '7.27.1' ],
28 silly audit   '@babel/plugin-transform-template-literals': [ '7.27.1' ],
28 silly audit   '@babel/plugin-transform-typeof-symbol': [ '7.27.1' ],
28 silly audit   '@babel/plugin-transform-typescript': [ '7.28.5' ],
28 silly audit   '@babel/plugin-transform-unicode-escapes': [ '7.27.1' ],
28 silly audit   '@babel/plugin-transform-unicode-property-regex': [ '7.27.1' ],
28 silly audit   '@babel/plugin-transform-unicode-regex': [ '7.27.1' ],
28 silly audit   '@babel/plugin-transform-unicode-sets-regex': [ '7.27.1' ],
28 silly audit   '@babel/preset-env': [ '7.28.5' ],
28 silly audit   '@babel/preset-flow': [ '7.27.1' ],
28 silly audit   '@babel/preset-modules': [ '0.1.6-no-external-plugins' ],
28 silly audit   '@babel/preset-react': [ '7.28.5' ],
28 silly audit   '@babel/preset-typescript': [ '7.28.5' ],
28 silly audit   '@babel/register': [ '7.28.3' ],
28 silly audit   '@babel/runtime': [ '7.28.4' ],
28 silly audit   '@babel/template': [ '7.27.2' ],
28 silly audit   '@babel/traverse': [ '7.28.5' ],
28 silly audit   '@babel/types': [ '7.28.5' ],
28 silly audit   '@egjs/hammerjs': [ '2.0.17' ],
28 silly audit   '@expo/bunyan': [ '4.0.1' ],
28 silly audit   '@expo/cli': [ '0.18.31' ],
28 silly audit   glob: [ '7.2.3', '7.1.6', '10.4.5' ],
28 silly audit   semver: [ '7.7.3', '5.7.2', '6.3.1' ],
28 silly audit   '@expo/code-signing-certificates': [ '0.0.5' ],
28 silly audit   '@expo/config': [ '9.0.4' ],
28 silly audit   '@expo/config-plugins': [ '8.0.11' ],
28 silly audit   '@expo/config-types': [ '51.0.3' ],
28 silly audit   '@expo/devcert': [ '1.2.0' ],
28 silly audit   debug: [ '3.2.7', '2.6.9', '4.4.3' ],
28 silly audit   '@expo/env': [ '0.3.0' ],
28 silly audit   '@expo/image-utils': [ '0.5.1' ],
28 silly audit   'crypto-random-string': [ '1.0.0', '2.0.0' ],
28 silly audit   'fs-extra': [ '9.0.0', '9.1.0', '8.1.0' ],
28 silly audit   jsonfile: [ '6.2.0', '4.0.0' ],
28 silly audit   universalify: [ '2.0.1', '1.0.0', '0.1.2' ],
28 silly audit   'temp-dir': [ '1.0.0', '2.0.0' ],
28 silly audit   tempy: [ '0.3.0', '0.7.1' ],
28 silly audit   'type-fest': [ '0.3.1', '0.21.3', '0.16.0', '0.7.1' ],
28 silly audit   'unique-string': [ '1.0.0', '2.0.0' ],
28 silly audit   '@expo/json-file': [ '8.3.3', '10.0.7' ],
28 silly audit   '@expo/metro-config': [ '0.18.11' ],
28 silly audit   '@expo/metro-runtime': [ '3.2.3' ],
28 silly audit   '@expo/osascript': [ '2.3.7' ],
28 silly audit   '@expo/package-manager': [ '1.9.8' ],
28 silly audit   'hosted-git-info': [ '7.0.2', '3.0.8' ],
28 silly audit   'lru-cache': [ '10.4.3', '6.0.0', '5.1.1' ],
28 silly audit   'npm-package-arg': [ '11.0.3', '7.0.0' ],
28 silly audit   'validate-npm-package-name': [ '5.0.1', '3.0.0' ],
28 silly audit   '@expo/plist': [ '0.1.3' ],
28 silly audit   '@expo/prebuild-config': [ '7.0.9' ],
28 silly audit   '@expo/rudder-sdk-node': [ '1.1.1' ],
28 silly audit   '@expo/sdk-runtime-versions': [ '1.0.0' ],
28 silly audit   '@expo/spawn-async': [ '1.7.2' ],
28 silly audit   '@expo/sudo-prompt': [ '9.3.2' ],
28 silly audit   '@expo/vector-icons': [ '14.0.4' ],
28 silly audit   '@expo/xcpretty': [ '4.3.2' ],
28 silly audit   argparse: [ '2.0.1', '1.0.10' ],
28 silly audit   'js-yaml': [ '4.1.0', '3.14.1' ],
28 silly audit   '@graphql-typed-document-node/core': [ '3.2.0' ],
28 silly audit   '@hapi/hoek': [ '9.3.0' ],
28 silly audit   '@hapi/topo': [ '5.1.0' ],
28 silly audit   '@isaacs/cliui': [ '8.0.2' ],
28 silly audit   'wrap-ansi': [ '8.1.0', '6.2.0', '7.0.0' ],
28 silly audit   '@isaacs/ttlcache': [ '1.4.1' ],
28 silly audit   '@jest/create-cache-key-function': [ '29.7.0' ],
28 silly audit   '@jest/environment': [ '29.7.0' ],
28 silly audit   '@jest/fake-timers': [ '29.7.0' ],
28 silly audit   '@jest/schemas': [ '29.6.3' ],
28 silly audit   '@jest/types': [ '29.6.3', '26.6.2', '24.9.0' ],
28 silly audit   '@jridgewell/gen-mapping': [ '0.3.13' ],
28 silly audit   '@jridgewell/remapping': [ '2.3.5' ],
28 silly audit   '@jridgewell/resolve-uri': [ '3.1.2' ],
28 silly audit   '@jridgewell/source-map': [ '0.3.11' ],
28 silly audit   '@jridgewell/sourcemap-codec': [ '1.5.5' ],
28 silly audit   '@jridgewell/trace-mapping': [ '0.3.31' ],
28 silly audit   '@nodelib/fs.scandir': [ '2.1.5' ],
28 silly audit   '@nodelib/fs.stat': [ '2.0.5' ],
28 silly audit   '@nodelib/fs.walk': [ '1.2.8' ],
28 silly audit   '@npmcli/fs': [ '3.1.1' ],
28 silly audit   '@pkgjs/parseargs': [ '0.11.0' ],
28 silly audit   '@react-native-async-storage/async-storage': [ '1.23.1' ],
28 silly audit   '@react-native-community/cli': [ '13.6.9' ],
28 silly audit   '@react-native-community/cli-clean': [ '13.6.9' ],
28 silly audit   execa: [ '5.1.1', '1.0.0' ],
28 silly audit   'get-stream': [ '6.0.1', '4.1.0' ],
28 silly audit   'is-stream': [ '2.0.1', '1.1.0' ],
28 silly audit   'mimic-fn': [ '2.1.0', '1.2.0' ],
28 silly audit   'npm-run-path': [ '4.0.1', '2.0.2' ],
28 silly audit   onetime: [ '5.1.2', '2.0.1' ],
28 silly audit   'signal-exit': [ '3.0.7', '4.1.0' ],
28 silly audit   '@react-native-community/cli-config': [ '13.6.9' ],
28 silly audit   '@react-native-community/cli-debugger-ui': [ '13.6.9' ],
28 silly audit   '@react-native-community/cli-doctor': [ '13.6.9' ],
28 silly audit   'cli-cursor': [ '3.1.0', '2.1.0' ],
28 silly audit   'log-symbols': [ '4.1.0', '2.2.0' ],
28 silly audit   ora: [ '5.4.1', '3.4.0' ],
28 silly audit   'strip-ansi': [ '6.0.1', '5.2.0', '7.1.2' ],
28 silly audit   'restore-cursor': [ '3.1.0', '2.0.0' ],
28 silly audit   'ansi-regex': [ '4.1.1', '5.0.1', '6.2.2' ],
28 silly audit   '@react-native-community/cli-hermes': [ '13.6.9' ],
28 silly audit   '@react-native-community/cli-platform-android': [ '13.6.9' ],
28 silly audit   '@react-native-community/cli-platform-apple': [ '13.6.9' ],
28 silly audit   '@react-native-community/cli-platform-ios': [ '13.6.9' ],
28 silly audit   '@react-native-community/cli-server-api': [ '13.6.9' ],
28 silly audit   '@types/yargs': [ '15.0.19', '17.0.34', '13.0.12' ],
28 silly audit   'pretty-format': [ '26.6.2', '24.9.0', '29.7.0' ],
28 silly audit   'react-is': [ '17.0.2', '18.3.1', '16.13.1' ],
28 silly audit   ws: [ '6.2.3', '7.5.10', '8.18.3' ],
28 silly audit   '@react-native-community/cli-tools': [ '13.6.9' ],
28 silly audit   'is-wsl': [ '1.1.0', '2.2.0' ],
28 silly audit   open: [ '6.4.0', '7.4.2', '8.4.2' ],
28 silly audit   '@react-native-community/cli-types': [ '13.6.9' ],
28 silly audit   commander: [ '9.5.0', '7.2.0', '4.1.1', '2.20.3' ],
28 silly audit   'find-up': [ '4.1.0', '5.0.0', '3.0.0' ],
28 silly audit   'locate-path': [ '5.0.0', '6.0.0', '3.0.0' ],
28 silly audit   'p-limit': [ '2.3.0', '3.1.0' ],
28 silly audit   'p-locate': [ '4.1.0', '5.0.0', '3.0.0' ],
28 silly audit   '@react-native/assets-registry': [ '0.74.87' ],
28 silly audit   '@react-native/babel-plugin-codegen': [ '0.74.87' ],
28 silly audit   '@react-native/babel-preset': [ '0.74.87' ],
28 silly audit   '@react-native/codegen': [ '0.74.87' ],
28 silly audit   mkdirp: [ '0.5.6', '1.0.4' ],
28 silly audit   '@react-native/community-cli-plugin': [ '0.74.87' ],
28 silly audit   '@react-native/debugger-frontend': [ '0.74.87', '0.74.85' ],
28 silly audit   '@react-native/dev-middleware': [ '0.74.87', '0.74.85' ],
28 silly audit   ms: [ '2.0.0', '2.1.3' ],
28 silly audit   '@react-native/gradle-plugin': [ '0.74.87' ],
28 silly audit   '@react-native/js-polyfills': [ '0.74.87' ],
28 silly audit   '@react-native/metro-babel-transformer': [ '0.74.87' ],
28 silly audit   '@react-native/normalize-colors': [ '0.74.85', '0.74.89', '0.74.87' ],
28 silly audit   '@react-native/virtualized-lists': [ '0.74.87' ],
28 silly audit   '@react-navigation/bottom-tabs': [ '6.6.1' ],
28 silly audit   '@react-navigation/core': [ '6.4.17' ],
28 silly audit   '@react-navigation/elements': [ '1.3.31' ],
28 silly audit   '@react-navigation/native': [ '6.1.18' ],
28 silly audit   '@react-navigation/routers': [ '6.1.9' ],
28 silly audit   '@react-navigation/stack': [ '6.4.1' ],
28 silly audit   '@rnx-kit/chromium-edge-launcher': [ '1.0.0' ],
28 silly audit   '@types/node': [ '18.19.130', '24.9.2' ],
28 silly audit   'undici-types': [ '5.26.5', '7.16.0' ],
28 silly audit   '@segment/loosely-validate-event': [ '2.0.0' ],
28 silly audit   '@sideway/address': [ '4.1.5' ],
28 silly audit   '@sideway/formula': [ '3.0.1' ],
28 silly audit   '@sideway/pinpoint': [ '2.0.0' ],
28 silly audit   '@sinclair/typebox': [ '0.27.8' ],
28 silly audit   '@sinonjs/commons': [ '3.0.1' ],
28 silly audit   '@sinonjs/fake-timers': [ '10.3.0' ],
28 silly audit   '@types/hammerjs': [ '2.0.46' ],
28 silly audit   '@types/istanbul-lib-coverage': [ '2.0.6' ],
28 silly audit   '@types/istanbul-lib-report': [ '3.0.3' ],
28 silly audit   '@types/istanbul-reports': [ '3.0.4', '1.1.2' ],
28 silly audit   '@types/node-forge': [ '1.3.14' ],
28 silly audit   '@types/prop-types': [ '15.7.15' ],
28 silly audit   '@types/stack-utils': [ '2.0.3' ],
28 silly audit   '@types/yargs-parser': [ '21.0.3' ],
28 silly audit   '@urql/core': [ '2.3.6' ],
28 silly audit   '@urql/exchange-retry': [ '0.3.0' ],
28 silly audit   '@xmldom/xmldom': [ '0.7.13', '0.8.11' ],
28 silly audit   'abort-controller': [ '3.0.0' ],
28 silly audit   accepts: [ '1.3.8' ],
28 silly audit   acorn: [ '8.15.0' ],
28 silly audit   'agent-base': [ '6.0.2' ],
28 silly audit   'aggregate-error': [ '3.1.0' ],
28 silly audit   anser: [ '1.4.10' ],
28 silly audit   'ansi-escapes': [ '4.3.2' ],
28 silly audit   'ansi-fragments': [ '0.2.1' ],
28 silly audit   'any-promise': [ '1.3.0' ],
28 silly audit   anymatch: [ '3.1.3' ],
28 silly audit   picomatch: [ '2.3.1', '3.0.1' ],
28 silly audit   appdirsjs: [ '1.2.7' ],
28 silly audit   arg: [ '5.0.2' ],
28 silly audit   'array-buffer-byte-length': [ '1.0.2' ],
28 silly audit   'array-union': [ '2.1.0' ],
28 silly audit   'arraybuffer.prototype.slice': [ '1.0.4' ],
28 silly audit   asap: [ '2.0.6' ],
28 silly audit   'ast-types': [ '0.15.2' ],
28 silly audit   'astral-regex': [ '1.0.0' ],
28 silly audit   'async-function': [ '1.0.0' ],
28 silly audit   'async-limiter': [ '1.0.1' ],
28 silly audit   asynckit: [ '0.4.0' ],
28 silly audit   'at-least-node': [ '1.0.0' ],
28 silly audit   'available-typed-arrays': [ '1.0.7' ],
28 silly audit   'babel-core': [ '7.0.0-bridge.0' ],
28 silly audit   'babel-plugin-polyfill-corejs2': [ '0.4.14' ],
28 silly audit   'babel-plugin-polyfill-corejs3': [ '0.13.0' ],
28 silly audit   'babel-plugin-polyfill-regenerator': [ '0.6.5' ],
28 silly audit   'babel-plugin-react-compiler': [ '0.0.0-experimental-592953e-20240517' ],
28 silly audit   jsesc: [ '2.5.2', '3.1.0' ],
28 silly audit   'source-map': [ '0.5.7', '0.6.1', '0.7.6' ],
28 silly audit   'babel-plugin-react-native-web': [ '0.19.13' ],
28 silly audit   'babel-plugin-transform-flow-enums': [ '0.0.2' ],
28 silly audit   'babel-preset-expo': [ '11.0.15' ],
28 silly audit   'balanced-match': [ '1.0.2' ],
28 silly audit   'base64-js': [ '1.5.1' ],
28 silly audit   'baseline-browser-mapping': [ '2.8.23' ],
28 silly audit   'better-opn': [ '3.0.2' ],
28 silly audit   'big-integer': [ '1.6.52' ],
28 silly audit   bl: [ '4.1.0' ],
28 silly audit   'readable-stream': [ '3.6.2', '2.3.8' ],
28 silly audit   'bplist-creator': [ '0.0.7', '0.1.0' ],
28 silly audit   'bplist-parser': [ '0.3.2', '0.3.1' ],
28 silly audit   'brace-expansion': [ '1.1.12', '2.0.2' ],
28 silly audit   braces: [ '3.0.3' ],
28 silly audit   browserslist: [ '4.27.0' ],
28 silly audit   bser: [ '2.1.1' ],
28 silly audit   buffer: [ '5.7.1' ],
28 silly audit   'buffer-alloc': [ '1.2.0' ],
28 silly audit   'buffer-alloc-unsafe': [ '1.1.0' ],
28 silly audit   'buffer-fill': [ '1.0.0' ],
28 silly audit   'buffer-from': [ '1.1.2' ],
28 silly audit   builtins: [ '1.0.3' ],
28 silly audit   bytes: [ '3.1.2' ],
28 silly audit   cacache: [ '18.0.4' ],
28 silly audit   'call-bind': [ '1.0.8' ],
28 silly audit   'call-bind-apply-helpers': [ '1.0.2' ],
28 silly audit   'call-bound': [ '1.0.4' ],
28 silly audit   'caller-callsite': [ '2.0.0' ],
28 silly audit   'caller-path': [ '2.0.0' ],
28 silly audit   callsites: [ '2.0.0' ],
28 silly audit   camelcase: [ '6.3.0', '5.3.1' ],
28 silly audit   'caniuse-lite': [ '1.0.30001752' ],
28 silly audit   charenc: [ '0.0.2' ],
28 silly audit   chownr: [ '2.0.0' ],
28 silly audit   'chrome-launcher': [ '0.15.2' ],
28 silly audit   'ci-info': [ '3.9.0', '2.0.0' ],
28 silly audit   'clean-stack': [ '2.2.0' ],
28 silly audit   'cli-spinners': [ '2.9.2' ],
28 silly audit   cliui: [ '8.0.1', '6.0.0' ],
28 silly audit   'emoji-regex': [ '8.0.0', '9.2.2' ],
28 silly audit   'string-width': [ '4.2.3', '5.1.2' ],
28 silly audit   clone: [ '2.1.2', '1.0.4' ],
28 silly audit   'clone-deep': [ '4.0.1' ],
28 silly audit   color: [ '4.2.3' ],
28 silly audit   'color-string': [ '1.9.1' ],
28 silly audit   colorette: [ '1.4.0' ],
28 silly audit   'combined-stream': [ '1.0.8' ],
28 silly audit   'command-exists': [ '1.2.9' ],
28 silly audit   commondir: [ '1.0.1' ],
28 silly audit   'component-type': [ '1.2.2' ],
28 silly audit   compressible: [ '2.0.18' ],
28 silly audit   compression: [ '1.8.1' ],
28 silly audit   negotiator: [ '0.6.4', '0.6.3' ],
28 silly audit   'concat-map': [ '0.0.1' ],
28 silly audit   connect: [ '3.7.0' ],
28 silly audit   'convert-source-map': [ '2.0.0' ],
28 silly audit   'core-js-compat': [ '3.46.0' ],
28 silly audit   'core-util-is': [ '1.0.3' ],
28 silly audit   cosmiconfig: [ '5.2.1' ],
28 silly audit   'cross-fetch': [ '3.2.0' ],
28 silly audit   'cross-spawn': [ '7.0.6', '6.0.6' ],
28 silly audit   crypt: [ '0.0.2' ],
28 silly audit   'css-in-js-utils': [ '3.1.0' ],
28 silly audit   csstype: [ '3.1.3' ],
28 silly audit   'dag-map': [ '1.0.2' ],
28 silly audit   'data-view-buffer': [ '1.0.2' ],
28 silly audit   'data-view-byte-length': [ '1.0.2' ],
28 silly audit   'data-view-byte-offset': [ '1.0.1' ],
28 silly audit   dayjs: [ '1.11.19' ],
28 silly audit   decamelize: [ '1.2.0' ],
28 silly audit   'decode-uri-component': [ '0.2.2' ],
28 silly audit   'deep-extend': [ '0.6.0' ],
28 silly audit   deepmerge: [ '4.3.1' ],
28 silly audit   'default-gateway': [ '4.2.0' ],
28 silly audit   defaults: [ '1.0.4' ],
28 silly audit   'define-data-property': [ '1.1.4' ],
28 silly audit   'define-lazy-prop': [ '2.0.0' ],
28 silly audit   'define-properties': [ '1.2.1' ],
28 silly audit   del: [ '6.1.1' ],
28 silly audit   'delayed-stream': [ '1.0.0' ],
28 silly audit   denodeify: [ '1.2.1' ],
28 silly audit   depd: [ '2.0.0' ],
28 silly audit   destroy: [ '1.2.0' ],
28 silly audit   'detect-libc': [ '1.0.3' ],
28 silly audit   'dir-glob': [ '3.0.1' ],
28 silly audit   dotenv: [ '16.4.7' ],
28 silly audit   'dotenv-expand': [ '11.0.7' ],
28 silly audit   'dunder-proto': [ '1.0.1' ],
28 silly audit   eastasianwidth: [ '0.2.0' ],
28 silly audit   'ee-first': [ '1.1.1' ],
28 silly audit   'electron-to-chromium': [ '1.5.244' ],
28 silly audit   encodeurl: [ '1.0.2', '2.0.0' ],
28 silly audit   'end-of-stream': [ '1.4.5' ],
28 silly audit   'env-editor': [ '0.4.2' ],
28 silly audit   envinfo: [ '7.19.0' ],
28 silly audit   'error-ex': [ '1.3.4' ],
28 silly audit   'error-stack-parser': [ '2.1.4' ],
28 silly audit   errorhandler: [ '1.5.1' ],
28 silly audit   'es-abstract': [ '1.24.0' ],
28 silly audit   'es-define-property': [ '1.0.1' ],
28 silly audit   'es-errors': [ '1.3.0' ],
28 silly audit   'es-object-atoms': [ '1.1.1' ],
28 silly audit   'es-set-tostringtag': [ '2.1.0' ],
28 silly audit   'es-to-primitive': [ '1.3.0' ],
28 silly audit   escalade: [ '3.2.0' ],
28 silly audit   'escape-html': [ '1.0.3' ],
28 silly audit   esprima: [ '4.0.1' ],
28 silly audit   esutils: [ '2.0.3' ],
28 silly audit   etag: [ '1.8.1' ],
28 silly audit   'event-target-shim': [ '5.0.1' ],
28 silly audit   'exec-async': [ '2.2.0' ],
28 silly audit   'path-key': [ '2.0.1', '3.1.1' ],
28 silly audit   'shebang-command': [ '1.2.0', '2.0.0' ],
28 silly audit   'shebang-regex': [ '1.0.0', '3.0.0' ],
28 silly audit   which: [ '1.3.1', '2.0.2' ],
28 silly audit   expo: [ '51.0.39' ],
28 silly audit   'expo-asset': [ '10.0.10' ],
28 silly audit   'expo-constants': [ '16.0.2' ],
28 silly audit   'expo-file-system': [ '17.0.1' ],
28 silly audit   'expo-font': [ '12.0.10' ],
28 silly audit   'expo-image-loader': [ '4.7.0' ],
28 silly audit   'expo-image-picker': [ '15.1.0' ],
28 silly audit   'expo-keep-awake': [ '13.0.2' ],
28 silly audit   'expo-modules-autolinking': [ '1.11.3' ],
28 silly audit   'expo-modules-core': [ '1.12.26' ],
28 silly audit   'expo-splash-screen': [ '0.27.7' ],
28 silly audit   'expo-status-bar': [ '1.12.1' ],
28 silly audit   'exponential-backoff': [ '3.1.3' ],
28 silly audit   'fast-deep-equal': [ '3.1.3' ],
28 silly audit   'fast-glob': [ '3.3.3' ],
28 silly audit   'fast-loops': [ '1.1.4' ],
28 silly audit   'fast-xml-parser': [ '4.5.3' ],
28 silly audit   fastq: [ '1.19.1' ],
28 silly audit   'fb-watchman': [ '2.0.2' ],
28 silly audit   fbemitter: [ '3.0.0' ],
28 silly audit   fbjs: [ '3.0.5' ],
28 silly audit   'fbjs-css-vars': [ '1.0.2' ],
28 silly audit   'fetch-retry': [ '4.1.1' ],
28 silly audit   'fill-range': [ '7.1.1' ],
28 silly audit   'filter-obj': [ '1.1.0' ],
28 silly audit   finalhandler: [ '1.1.2' ],
28 silly audit   'find-cache-dir': [ '2.1.0' ],
28 silly audit   'find-yarn-workspace-root': [ '2.0.0' ],
28 silly audit   'flow-enums-runtime': [ '0.0.6' ],
28 silly audit   'flow-parser': [ '0.289.0' ],
28 silly audit   fontfaceobserver: [ '2.3.0' ],
28 silly audit   'for-each': [ '0.3.5' ],
28 silly audit   'foreground-child': [ '3.3.1' ],
28 silly audit   'form-data': [ '3.0.4' ],
28 silly audit   'freeport-async': [ '2.0.0' ],
28 silly audit   fresh: [ '0.5.2' ],
28 silly audit   'fs-minipass': [ '3.0.3', '2.1.0' ],
28 silly audit   'fs.realpath': [ '1.0.0' ],
28 silly audit   fsevents: [ '2.3.3' ],
28 silly audit   'function-bind': [ '1.1.2' ],
28 silly audit   'function.prototype.name': [ '1.1.8' ],
28 silly audit   'functions-have-names': [ '1.2.3' ],
28 silly audit   'generator-function': [ '2.0.1' ],
28 silly audit   gensync: [ '1.0.0-beta.2' ],
28 silly audit   'get-caller-file': [ '2.0.5' ],
28 silly audit   'get-intrinsic': [ '1.3.0' ],
28 silly audit   'get-proto': [ '1.0.1' ],
28 silly audit   'get-symbol-description': [ '1.1.0' ],
28 silly audit   getenv: [ '1.0.0' ],
28 silly audit   'glob-parent': [ '5.1.2' ],
28 silly audit   minimatch: [ '9.0.5', '3.1.2' ],
28 silly audit   globalthis: [ '1.0.4' ],
28 silly audit   globby: [ '11.1.0' ],
28 silly audit   gopd: [ '1.2.0' ],
28 silly audit   'graceful-fs': [ '4.2.11' ],
28 silly audit   graphql: [ '15.8.0' ],
28 silly audit   'graphql-tag': [ '2.12.6' ],
28 silly audit   'has-bigints': [ '1.1.0' ],
28 silly audit   'has-property-descriptors': [ '1.0.2' ],
28 silly audit   'has-proto': [ '1.2.0' ],
28 silly audit   'has-symbols': [ '1.1.0' ],
28 silly audit   'has-tostringtag': [ '1.0.2' ],
28 silly audit   hasown: [ '2.0.2' ],
28 silly audit   'hermes-estree': [ '0.19.1', '0.23.1' ],
28 silly audit   'hermes-parser': [ '0.19.1', '0.23.1' ],
28 silly audit   'hermes-profile-transformer': [ '0.0.6' ],
28 silly audit   'hoist-non-react-statics': [ '3.3.2' ],
28 silly audit   yallist: [ '4.0.0', '3.1.1' ],
28 silly audit   'http-errors': [ '2.0.0' ],
28 silly audit   statuses: [ '2.0.1', '1.5.0' ],
28 silly audit   'https-proxy-agent': [ '5.0.1' ],
28 silly audit   'human-signals': [ '2.1.0' ],
28 silly audit   'hyphenate-style-name': [ '1.1.0' ],
28 silly audit   ieee754: [ '1.2.1' ],
28 silly audit   ignore: [ '5.3.2' ],
28 silly audit   'image-size': [ '1.2.1' ],
28 silly audit   'import-fresh': [ '2.0.0' ],
28 silly audit   'resolve-from': [ '3.0.0', '5.0.0' ],
28 silly audit   imurmurhash: [ '0.1.4' ],
28 silly audit   'indent-string': [ '4.0.0' ],
28 silly audit   inflight: [ '1.0.6' ],
28 silly audit   inherits: [ '2.0.4' ],
28 silly audit   ini: [ '1.3.8' ],
28 silly audit   'inline-style-prefixer': [ '6.0.4' ],
28 silly audit   'internal-ip': [ '4.3.0' ],
28 silly audit   'internal-slot': [ '1.1.0' ],
28 silly audit   invariant: [ '2.2.4' ],
28 silly audit   'ip-regex': [ '2.1.0' ],
28 silly audit   'ipaddr.js': [ '1.9.1' ],
28 silly audit   'is-array-buffer': [ '3.0.5' ],
28 silly audit   'is-arrayish': [ '0.2.1', '0.3.4' ],
28 silly audit   'is-async-function': [ '2.1.1' ],
28 silly audit   'is-bigint': [ '1.1.0' ],
28 silly audit   'is-boolean-object': [ '1.2.2' ],
28 silly audit   'is-buffer': [ '1.1.6' ],
28 silly audit   'is-callable': [ '1.2.7' ],
28 silly audit   'is-core-module': [ '2.16.1' ],
28 silly audit   'is-data-view': [ '1.0.2' ],
28 silly audit   'is-date-object': [ '1.1.0' ],
28 silly audit   'is-directory': [ '0.3.1' ],
28 silly audit   'is-docker': [ '2.2.1' ],
28 silly audit   'is-extglob': [ '2.1.1', '1.0.0' ],
28 silly audit   'is-finalizationregistry': [ '1.1.1' ],
28 silly audit   'is-fullwidth-code-point': [ '3.0.0', '2.0.0' ],
28 silly audit   'is-generator-function': [ '1.1.2' ],
28 silly audit   'is-glob': [ '4.0.3', '2.0.1' ],
28 silly audit   'is-interactive': [ '1.0.0' ],
28 silly audit   'is-invalid-path': [ '0.1.0' ],
28 silly audit   'is-map': [ '2.0.3' ],
28 silly audit   'is-negative-zero': [ '2.0.3' ],
28 silly audit   'is-number': [ '7.0.0' ],
28 silly audit   'is-number-object': [ '1.1.1' ],
28 silly audit   'is-path-cwd': [ '2.2.0' ],
28 silly audit   'is-path-inside': [ '3.0.3' ],
28 silly audit   'is-plain-obj': [ '2.1.0' ],
28 silly audit   'is-plain-object': [ '2.0.4' ],
28 silly audit   'is-regex': [ '1.2.1' ],
28 silly audit   'is-set': [ '2.0.3' ],
28 silly audit   'is-shared-array-buffer': [ '1.0.4' ],
28 silly audit   'is-string': [ '1.1.1' ],
28 silly audit   'is-symbol': [ '1.1.1' ],
28 silly audit   'is-typed-array': [ '1.1.15' ],
28 silly audit   'is-unicode-supported': [ '0.1.0' ],
28 silly audit   'is-valid-path': [ '0.1.1' ],
28 silly audit   'is-weakmap': [ '2.0.2' ],
28 silly audit   'is-weakref': [ '1.1.1' ],
28 silly audit   'is-weakset': [ '2.0.4' ],
28 silly audit   isarray: [ '1.0.0', '2.0.5' ],
28 silly audit   isexe: [ '2.0.0' ],
28 silly audit   isobject: [ '3.0.1' ],
28 silly audit   jackspeak: [ '3.4.3' ],
28 silly audit   'jest-environment-node': [ '29.7.0' ],
28 silly audit   'jest-get-type': [ '29.6.3' ],
28 silly audit   'jest-message-util': [ '29.7.0' ],
28 silly audit   'jest-mock': [ '29.7.0' ],
28 silly audit   'jest-util': [ '29.7.0' ],
28 silly audit   'jest-validate': [ '29.7.0' ],
28 silly audit   'jest-worker': [ '29.7.0' ],
28 silly audit   'jimp-compact': [ '0.16.1' ],
28 silly audit   joi: [ '17.13.3' ],
28 silly audit   'join-component': [ '1.1.0' ],
28 silly audit   'js-tokens': [ '4.0.0' ],
28 silly audit   'jsc-android': [ '250231.0.0' ],
28 silly audit   'jsc-safe-url': [ '0.2.4' ],
28 silly audit   jscodeshift: [ '0.14.0' ],
28 silly audit   'json-parse-better-errors': [ '1.0.2' ],
28 silly audit   'json-schema-deref-sync': [ '0.13.0' ],
28 silly audit   md5: [ '2.2.1', '2.3.0' ],
28 silly audit   json5: [ '2.2.3' ],
28 silly audit   'kind-of': [ '6.0.3' ],
28 silly audit   kleur: [ '3.0.3' ],
28 silly audit   leven: [ '3.1.0' ],
28 silly audit   'lighthouse-logger': [ '1.4.2' ],
28 silly audit   lightningcss: [ '1.19.0' ],
28 silly audit   'lightningcss-darwin-arm64': [ '1.19.0' ],
28 silly audit   'lightningcss-darwin-x64': [ '1.19.0' ],
28 silly audit   'lightningcss-linux-arm-gnueabihf': [ '1.19.0' ],
28 silly audit   'lightningcss-linux-arm64-gnu': [ '1.19.0' ],
28 silly audit   'lightningcss-linux-arm64-musl': [ '1.19.0' ],
28 silly audit   'lightningcss-linux-x64-gnu': [ '1.19.0' ],
28 silly audit   'lightningcss-linux-x64-musl': [ '1.19.0' ],
28 silly audit   'lightningcss-win32-x64-msvc': [ '1.19.0' ],
28 silly audit   'lines-and-columns': [ '1.2.4' ],
28 silly audit   lodash: [ '4.17.21' ],
28 silly audit   'lodash.debounce': [ '4.0.8' ],
28 silly audit   'lodash.throttle': [ '4.1.1' ],
28 silly audit   logkitty: [ '0.7.1' ],
28 silly audit   y18n: [ '4.0.3', '5.0.8' ],
28 silly audit   yargs: [ '15.4.1', '17.7.2' ],
28 silly audit   'yargs-parser': [ '18.1.3', '21.1.1' ],
28 silly audit   'loose-envify': [ '1.4.0' ],
28 silly audit   'make-dir': [ '2.1.0' ],
28 silly audit   makeerror: [ '1.0.12' ],
28 silly audit   marky: [ '1.3.0' ],
28 silly audit   'math-intrinsics': [ '1.1.0' ],
28 silly audit   'md5-file': [ '3.2.3' ],
28 silly audit   md5hex: [ '1.0.0' ],
28 silly audit   'memoize-one': [ '5.2.1', '6.0.0' ],
28 silly audit   'memory-cache': [ '0.2.0' ],
28 silly audit   'merge-options': [ '3.0.4' ],
28 silly audit   'merge-stream': [ '2.0.0' ],
28 silly audit   merge2: [ '1.4.1' ],
28 silly audit   metro: [ '0.80.12' ],
28 silly audit   'metro-babel-transformer': [ '0.80.12' ],
28 silly audit   'metro-cache': [ '0.80.12' ],
28 silly audit   'metro-cache-key': [ '0.80.12' ],
28 silly audit   'metro-config': [ '0.80.12' ],
28 silly audit   'metro-core': [ '0.80.12' ],
28 silly audit   'metro-file-map': [ '0.80.12' ],
28 silly audit   'metro-minify-terser': [ '0.80.12' ],
28 silly audit   'metro-resolver': [ '0.80.12' ],
28 silly audit   'metro-runtime': [ '0.80.12' ],
28 silly audit   'metro-source-map': [ '0.80.12' ],
28 silly audit   'metro-symbolicate': [ '0.80.12' ],
28 silly audit   'metro-transform-plugins': [ '0.80.12' ],
28 silly audit   'metro-transform-worker': [ '0.80.12' ],
28 silly audit   micromatch: [ '4.0.8' ],
28 silly audit   mime: [ '2.6.0', '1.6.0' ],
28 silly audit   'mime-db': [ '1.52.0' ],
28 silly audit   'mime-types': [ '2.1.35' ],
28 silly audit   minimist: [ '1.2.8' ],
28 silly audit   minipass: [ '7.1.2', '3.3.6', '5.0.0' ],
28 silly audit   'minipass-collect': [ '2.0.1' ],
28 silly audit   'minipass-flush': [ '1.0.5' ],
28 silly audit   'minipass-pipeline': [ '1.2.4' ],
28 silly audit   minizlib: [ '2.1.2' ],
28 silly audit   mz: [ '2.7.0' ],
28 silly audit   nanoid: [ '3.3.11' ],
28 silly audit   'neo-async': [ '2.6.2' ],
28 silly audit   'nested-error-stacks': [ '2.0.1' ],
28 silly audit   'nice-try': [ '1.0.5' ],
28 silly audit   nocache: [ '3.0.4' ],
28 silly audit   'node-abort-controller': [ '3.1.1' ],
28 silly audit   'node-dir': [ '0.1.17' ],
28 silly audit   'node-fetch': [ '2.7.0' ],
28 silly audit   'node-forge': [ '1.3.1' ],
28 silly audit   'node-int64': [ '0.4.0' ],
28 silly audit   'node-releases': [ '2.0.27' ],
28 silly audit   'node-stream-zip': [ '1.15.0' ],
28 silly audit   'normalize-path': [ '3.0.0' ],
28 silly audit   nullthrows: [ '1.1.1' ],
28 silly audit   ob1: [ '0.80.12' ],
28 silly audit   'object-assign': [ '4.1.1' ],
28 silly audit   'object-inspect': [ '1.13.4' ],
28 silly audit   'object-keys': [ '1.1.1' ],
28 silly audit   'object.assign': [ '4.1.7' ],
28 silly audit   'on-finished': [ '2.3.0', '2.4.1' ],
28 silly audit   'on-headers': [ '1.1.0' ],
28 silly audit   once: [ '1.4.0' ],
28 silly audit   'os-homedir': [ '1.0.2' ],
28 silly audit   'os-tmpdir': [ '1.0.2' ],
28 silly audit   osenv: [ '0.1.5' ],
28 silly audit   'own-keys': [ '1.0.1' ],
28 silly audit   'p-finally': [ '1.0.0' ],
28 silly audit   'p-map': [ '4.0.0' ],
28 silly audit   'p-try': [ '2.2.0' ],
28 silly audit   'package-json-from-dist': [ '1.0.1' ],
28 silly audit   'parse-json': [ '4.0.0' ],
28 silly audit   'parse-png': [ '2.1.0' ],
28 silly audit   parseurl: [ '1.3.3' ],
28 silly audit   'path-exists': [ '4.0.0', '3.0.0' ],
28 silly audit   'path-is-absolute': [ '1.0.1' ],
28 silly audit   'path-parse': [ '1.0.7' ],
28 silly audit   'path-scurry': [ '1.11.1' ],
28 silly audit   'path-type': [ '4.0.0' ],
28 silly audit   picocolors: [ '1.1.1' ],
28 silly audit   pify: [ '4.0.1' ],
28 silly audit   pirates: [ '4.0.7' ],
28 silly audit   'pkg-dir': [ '3.0.0' ],
28 silly audit   plist: [ '3.1.0' ],
28 silly audit   xmlbuilder: [ '15.1.1', '11.0.1', '14.0.0' ],
28 silly audit   pngjs: [ '3.4.0' ],
28 silly audit   'possible-typed-array-names': [ '1.1.0' ],
28 silly audit   postcss: [ '8.4.49' ],
28 silly audit   'postcss-value-parser': [ '4.2.0' ],
28 silly audit   'pretty-bytes': [ '5.6.0' ],
28 silly audit   'proc-log': [ '4.2.0' ],
28 silly audit   'process-nextick-args': [ '2.0.1' ],
28 silly audit   progress: [ '2.0.3' ],
28 silly audit   promise: [ '7.3.1', '8.3.0' ],
28 silly audit   prompts: [ '2.4.2' ],
28 silly audit   'prop-types': [ '15.8.1' ],
28 silly audit   pump: [ '3.0.3' ],
28 silly audit   punycode: [ '2.3.1' ],
28 silly audit   'qrcode-terminal': [ '0.11.0' ],
28 silly audit   'query-string': [ '7.1.3' ],
28 silly audit   querystring: [ '0.2.1' ],
28 silly audit   queue: [ '6.0.2' ],
28 silly audit   'queue-microtask': [ '1.2.3' ],
28 silly audit   'range-parser': [ '1.2.1' ],
28 silly audit   rc: [ '1.2.8' ],
28 silly audit   react: [ '18.2.0' ],
28 silly audit   'react-devtools-core': [ '5.3.2' ],
28 silly audit   'react-dom': [ '18.2.0' ],
28 silly audit   'react-freeze': [ '1.0.4' ],
28 silly audit   'react-native': [ '0.74.5' ],
28 silly audit   'react-native-gesture-handler': [ '2.16.2' ],
28 silly audit   'react-native-reanimated': [ '3.10.1' ],
28 silly audit   'react-native-safe-area-context': [ '4.10.5' ],
28 silly audit   'react-native-screens': [ '3.31.1' ],
28 silly audit   'react-native-web': [ '0.19.13' ],
28 silly audit   'react-native-webview': [ '13.8.6' ],
28 silly audit   scheduler: [ '0.24.0-canary-efb381bbf-20230505', '0.23.2' ],
28 silly audit   'react-refresh': [ '0.14.2' ],
28 silly audit   'react-shallow-renderer': [ '16.15.0' ],
28 silly audit   'safe-buffer': [ '5.1.2', '5.2.1' ],
28 silly audit   readline: [ '1.3.0' ],
28 silly audit   recast: [ '0.21.5' ],
28 silly audit   'reflect.getprototypeof': [ '1.0.10' ],
28 silly audit   regenerate: [ '1.4.2' ],
28 silly audit   'regenerate-unicode-properties': [ '10.2.2' ],
28 silly audit   'regenerator-runtime': [ '0.13.11' ],
28 silly audit   'regexp.prototype.flags': [ '1.5.4' ],
28 silly audit   'regexpu-core': [ '6.4.0' ],
28 silly audit   regjsgen: [ '0.8.0' ],
28 silly audit   regjsparser: [ '0.13.0' ],
28 silly audit   'remove-trailing-slash': [ '0.1.1' ],
28 silly audit   'require-directory': [ '2.1.1' ],
28 silly audit   'require-from-string': [ '2.0.2' ],
28 silly audit   'require-main-filename': [ '2.0.0' ],
28 silly audit   requireg: [ '0.2.2' ],
28 silly audit   resolve: [ '1.7.1', '1.22.11' ],
28 silly audit   'resolve-workspace-root': [ '2.0.0' ],
28 silly audit   'resolve.exports': [ '2.0.3' ],
28 silly audit   reusify: [ '1.1.0' ],
28 silly audit   rimraf: [ '3.0.2', '2.6.3' ],
28 silly audit   'run-parallel': [ '1.2.0' ],
28 silly audit   'safe-array-concat': [ '1.1.3' ],
28 silly audit   'safe-push-apply': [ '1.0.0' ],
28 silly audit   'safe-regex-test': [ '1.1.0' ],
28 silly audit   sax: [ '1.4.1' ],
28 silly audit   selfsigned: [ '2.4.1' ],
28 silly audit   send: [ '0.18.0', '0.19.0' ],
28 silly audit   'serialize-error': [ '2.1.0' ],
28 silly audit   'serve-static': [ '1.16.2' ],
28 silly audit   'set-blocking': [ '2.0.0' ],
28 silly audit   'set-function-length': [ '1.2.2' ],
28 silly audit   'set-function-name': [ '2.0.2' ],
28 silly audit   'set-proto': [ '1.0.0' ],
28 silly audit   setimmediate: [ '1.0.5' ],
28 silly audit   setprototypeof: [ '1.2.0' ],
28 silly audit   'shallow-clone': [ '3.0.1' ],
28 silly audit   'shell-quote': [ '1.8.3' ],
28 silly audit   'side-channel': [ '1.1.0' ],
28 silly audit   'side-channel-list': [ '1.0.0' ],
28 silly audit   'side-channel-map': [ '1.0.1' ],
28 silly audit   'side-channel-weakmap': [ '1.0.2' ],
28 silly audit   'simple-plist': [ '1.3.1' ],
28 silly audit   'simple-swizzle': [ '0.2.4' ],
28 silly audit   sisteransi: [ '1.0.5' ],
28 silly audit   slash: [ '3.0.0' ],
28 silly audit   'slice-ansi': [ '2.1.0' ],
28 silly audit   slugify: [ '1.6.6' ],
28 silly audit   'source-map-js': [ '1.2.1' ],
28 silly audit   'source-map-support': [ '0.5.21' ],
28 silly audit   'split-on-first': [ '1.1.0' ],
28 silly audit   'sprintf-js': [ '1.0.3' ],
28 silly audit   ssri: [ '10.0.6' ],
28 silly audit   'stack-utils': [ '2.0.6' ],
28 silly audit   stackframe: [ '1.3.4' ],
28 silly audit   'stacktrace-parser': [ '0.1.11' ],
28 silly audit   'stop-iteration-iterator': [ '1.1.0' ],
28 silly audit   'stream-buffers': [ '2.2.0' ],
28 silly audit   'strict-uri-encode': [ '2.0.0' ],
28 silly audit   string_decoder: [ '1.1.1' ],
28 silly audit   'string.prototype.trim': [ '1.2.10' ],
28 silly audit   'string.prototype.trimend': [ '1.0.9' ],
28 silly audit   'string.prototype.trimstart': [ '1.0.8' ],
28 silly audit   'strip-eof': [ '1.0.0' ],
28 silly audit   'strip-final-newline': [ '2.0.0' ],
28 silly audit   'strip-json-comments': [ '2.0.1' ],
28 silly audit   strnum: [ '1.1.2' ],
28 silly audit   'structured-headers': [ '0.4.1' ],
28 silly audit   styleq: [ '0.1.3' ],
28 silly audit   sucrase: [ '3.34.0' ],
28 silly audit   'sudo-prompt': [ '9.2.1' ],
28 silly audit   'supports-hyperlinks': [ '2.3.0' ],
28 silly audit   'supports-preserve-symlinks-flag': [ '1.0.0' ],
28 silly audit   tar: [ '6.2.1' ],
28 silly audit   temp: [ '0.8.4' ],
28 silly audit   'terminal-link': [ '2.1.1' ],
28 silly audit   terser: [ '5.44.0' ],
28 silly audit   'text-table': [ '0.2.0' ],
28 silly audit   thenify: [ '3.3.1' ],
28 silly audit   'thenify-all': [ '1.6.0' ],
28 silly audit   throat: [ '5.0.0' ],
28 silly audit   through2: [ '2.0.5' ],
28 silly audit   tmpl: [ '1.0.5' ],
28 silly audit   'to-regex-range': [ '5.0.1' ],
28 silly audit   toidentifier: [ '1.0.1' ],
28 silly audit   tr46: [ '0.0.3' ],
28 silly audit   traverse: [ '0.6.11' ],
28 silly audit   'trim-right': [ '1.0.1' ],
28 silly audit   'ts-interface-checker': [ '0.1.13' ],
28 silly audit   tslib: [ '2.8.1' ],
28 silly audit   'type-detect': [ '4.0.8' ],
28 silly audit   'typed-array-buffer': [ '1.0.3' ],
28 silly audit   'typed-array-byte-length': [ '1.0.3' ],
28 silly audit   'typed-array-byte-offset': [ '1.0.4' ],
28 silly audit   'typed-array-length': [ '1.0.7' ],
28 silly audit   'typedarray.prototype.slice': [ '1.0.5' ],
28 silly audit   'ua-parser-js': [ '1.0.41' ],
28 silly audit   'unbox-primitive': [ '1.1.0' ],
28 silly audit   'unicode-canonical-property-names-ecmascript': [ '2.0.1' ],
28 silly audit   'unicode-match-property-ecmascript': [ '2.0.0' ],
28 silly audit   'unicode-match-property-value-ecmascript': [ '2.2.1' ],
28 silly audit   'unicode-property-aliases-ecmascript': [ '2.2.0' ],
28 silly audit   'unique-filename': [ '3.0.0' ],
28 silly audit   'unique-slug': [ '4.0.0' ],
28 silly audit   unpipe: [ '1.0.0' ],
28 silly audit   'update-browserslist-db': [ '1.1.4' ],
28 silly audit   'url-join': [ '4.0.0' ],
28 silly audit   'use-latest-callback': [ '0.2.6' ],
28 silly audit   'util-deprecate': [ '1.0.2' ],
28 silly audit   'utils-merge': [ '1.0.1' ],
28 silly audit   uuid: [ '8.3.2', '7.0.3' ],
28 silly audit   'valid-url': [ '1.0.9' ],
28 silly audit   vary: [ '1.1.2' ],
28 silly audit   vlq: [ '1.0.1' ],
28 silly audit   walker: [ '1.0.8' ],
28 silly audit   'warn-once': [ '0.1.1' ],
28 silly audit   wcwidth: [ '1.0.1' ],
28 silly audit   'webidl-conversions': [ '3.0.1', '5.0.0' ],
28 silly audit   'whatwg-fetch': [ '3.6.20' ],
28 silly audit   'whatwg-url': [ '5.0.0' ],
28 silly audit   'whatwg-url-without-unicode': [ '8.0.0-3' ],
28 silly audit   'which-boxed-primitive': [ '1.1.1' ],
28 silly audit   'which-builtin-type': [ '1.2.1' ],
28 silly audit   'which-collection': [ '1.0.2' ],
28 silly audit   'which-module': [ '2.0.1' ],
28 silly audit   'which-typed-array': [ '1.1.19' ],
28 silly audit   wonka: [ '4.0.15' ],
28 silly audit   wrappy: [ '1.0.2' ],
28 silly audit   'write-file-atomic': [ '2.4.3' ],
28 silly audit   xcode: [ '3.0.1' ],
28 silly audit   xml2js: [ '0.6.0' ],
28 silly audit   xtend: [ '4.0.2' ],
28 silly audit   yaml: [ '2.8.1' ],
28 silly audit   'yocto-queue': [ '0.1.0' ],
28 silly audit   zod: [ '3.25.76' ],
28 silly audit   'zod-validation-error': [ '2.1.0' ],
28 silly audit   '@types/react': [ '18.2.79' ],
28 silly audit   typescript: [ '5.3.3' ]
28 silly audit }
29 verbose reify failed optional dependency /Users/newmastermind/UBGSF-App/node_modules/lightningcss-win32-x64-msvc
30 silly reify mark deleted [
30 silly reify   '/Users/newmastermind/UBGSF-App/node_modules/lightningcss-win32-x64-msvc'
30 silly reify ]
31 verbose reify failed optional dependency /Users/newmastermind/UBGSF-App/node_modules/lightningcss-linux-x64-musl
32 silly reify mark deleted [
32 silly reify   '/Users/newmastermind/UBGSF-App/node_modules/lightningcss-linux-x64-musl'
32 silly reify ]
33 verbose reify failed optional dependency /Users/newmastermind/UBGSF-App/node_modules/lightningcss-linux-x64-gnu
34 silly reify mark deleted [
34 silly reify   '/Users/newmastermind/UBGSF-App/node_modules/lightningcss-linux-x64-gnu'
34 silly reify ]
35 verbose reify failed optional dependency /Users/newmastermind/UBGSF-App/node_modules/lightningcss-linux-arm64-musl
36 silly reify mark deleted [
36 silly reify   '/Users/newmastermind/UBGSF-App/node_modules/lightningcss-linux-arm64-musl'
36 silly reify ]
37 verbose reify failed optional dependency /Users/newmastermind/UBGSF-App/node_modules/lightningcss-linux-arm64-gnu
38 silly reify mark deleted [
38 silly reify   '/Users/newmastermind/UBGSF-App/node_modules/lightningcss-linux-arm64-gnu'
38 silly reify ]
39 verbose reify failed optional dependency /Users/newmastermind/UBGSF-App/node_modules/lightningcss-linux-arm-gnueabihf
40 silly reify mark deleted [
40 silly reify   '/Users/newmastermind/UBGSF-App/node_modules/lightningcss-linux-arm-gnueabihf'
40 silly reify ]
41 verbose reify failed optional dependency /Users/newmastermind/UBGSF-App/node_modules/lightningcss-darwin-arm64
42 silly reify mark deleted [
42 silly reify   '/Users/newmastermind/UBGSF-App/node_modules/lightningcss-darwin-arm64'
42 silly reify ]
43 http cache typescript@https://registry.npmjs.org/typescript/-/typescript-5.3.3.tgz 0ms (cache hit)
44 http cache @types/react@https://registry.npmjs.org/@types/react/-/react-18.2.79.tgz 0ms (cache hit)
45 silly tarball no local data for typescript@https://registry.npmjs.org/typescript/-/typescript-5.3.3.tgz. Extracting by manifest.
46 http fetch POST 200 https://registry.npmjs.org/-/npm/v1/security/advisories/bulk 456ms
47 silly audit report {
47 silly audit report   send: [
47 silly audit report     {
47 silly audit report       id: 1100526,
47 silly audit report       url: 'https://github.com/advisories/GHSA-m6fv-jmcg-4jfg',
47 silly audit report       title: 'send vulnerable to template injection that can lead to XSS',
47 silly audit report       severity: 'low',
47 silly audit report       vulnerable_versions: '<0.19.0',
47 silly audit report       cwe: [Array],
47 silly audit report       cvss: [Object]
47 silly audit report     }
47 silly audit report   ]
47 silly audit report }
48 silly packumentCache corgi:https://registry.npmjs.org/send cache-miss
49 http cache https://registry.npmjs.org/send 12ms (cache hit)
50 silly packumentCache corgi:https://registry.npmjs.org/send set size:60926 disposed:false
51 silly packumentCache corgi:https://registry.npmjs.org/@expo%2fcli cache-miss
52 http cache https://registry.npmjs.org/@expo%2fcli 13ms (cache hit)
53 silly packumentCache corgi:https://registry.npmjs.org/@expo%2fcli set size:1221952 disposed:false
54 silly packumentCache corgi:https://registry.npmjs.org/expo cache-miss
55 http cache https://registry.npmjs.org/expo 10ms (cache hit)
56 silly packumentCache corgi:https://registry.npmjs.org/expo set size:1498575 disposed:false
57 silly packumentCache corgi:https://registry.npmjs.org/expo-asset cache-miss
58 silly packumentCache corgi:https://registry.npmjs.org/expo-constants cache-miss
59 silly packumentCache corgi:https://registry.npmjs.org/expo-file-system cache-miss
60 silly packumentCache corgi:https://registry.npmjs.org/expo-font cache-miss
61 silly packumentCache corgi:https://registry.npmjs.org/expo-image-loader cache-miss
62 silly packumentCache corgi:https://registry.npmjs.org/expo-image-picker cache-miss
63 silly packumentCache corgi:https://registry.npmjs.org/expo-keep-awake cache-miss
64 silly packumentCache corgi:https://registry.npmjs.org/expo-splash-screen cache-miss
65 http cache https://registry.npmjs.org/expo-image-picker 22ms (cache hit)
66 silly packumentCache corgi:https://registry.npmjs.org/expo-image-picker set size:184212 disposed:false
67 http cache https://registry.npmjs.org/expo-asset 30ms (cache hit)
68 silly packumentCache corgi:https://registry.npmjs.org/expo-asset set size:225351 disposed:false
69 http cache https://registry.npmjs.org/expo-constants 33ms (cache hit)
70 silly packumentCache corgi:https://registry.npmjs.org/expo-constants set size:216144 disposed:false
71 http cache https://registry.npmjs.org/expo-image-loader 33ms (cache hit)
72 silly packumentCache corgi:https://registry.npmjs.org/expo-image-loader set size:90874 disposed:false
73 http cache https://registry.npmjs.org/expo-splash-screen 33ms (cache hit)
74 silly packumentCache corgi:https://registry.npmjs.org/expo-splash-screen set size:206311 disposed:false
75 http cache https://registry.npmjs.org/expo-font 60ms (cache hit)
76 silly packumentCache corgi:https://registry.npmjs.org/expo-font set size:181018 disposed:false
77 http cache https://registry.npmjs.org/expo-keep-awake 71ms (cache hit)
78 silly packumentCache corgi:https://registry.npmjs.org/expo-keep-awake set size:139156 disposed:false
79 http cache https://registry.npmjs.org/expo-file-system 76ms (cache hit)
80 silly packumentCache corgi:https://registry.npmjs.org/expo-file-system set size:224184 disposed:false
81 http fetch GET 200 https://registry.npmjs.org/typescript/-/typescript-5.3.3.tgz 5593ms (cache miss)
82 silly ADD
83 silly ADD
84 silly ADD
85 silly ADD
86 silly ADD
87 silly ADD
88 silly ADD
89 silly CHANGE node_modules/typescript
90 silly CHANGE node_modules/@types/react
91 verbose cwd /Users/newmastermind/UBGSF-App
92 verbose os Darwin 24.6.0
93 verbose node v22.18.0
94 verbose npm  v10.9.3
95 verbose exit 0
96 info ok
